Using pre-set license
Built from '2020.3/release' branch; Version is '2020.3.7f1 (dd97f2c94397) revision 14522354'; Using compiler version '192528614'; Build Type 'Release'
OS: 'Windows 10 Pro; OS build 19042.1023; Version 2009; 64bit' Language: 'es' Physical Memory: 8036 MB
BatchMode: 1, IsHumanControllingUs: 0, StartBugReporterOnCrash: 0, Is64bit: 1, IsPro: 0

 COMMAND LINE ARGUMENTS:
C:\Program Files\Unity\Hub\Editor\2020.3.7f1\Editor\Unity.exe
-adb2
-batchMode
-noUpm
-name
AssetImportWorker0
-projectPath
D:/Escritorio/Telecomunicaciones/4/proyectoSCBIO/Trabajo(v4_ConMainMenu)
-logFile
Logs/AssetImportWorker0.log
-srvPort
63242
Successfully changed project path to: D:/Escritorio/Telecomunicaciones/4/proyectoSCBIO/Trabajo(v4_ConMainMenu)
D:/Escritorio/Telecomunicaciones/4/proyectoSCBIO/Trabajo(v4_ConMainMenu)
Using Asset Import Pipeline V2.
Refreshing native plugins compatible for Editor in 102.97 ms, found 1 plugins.
Preloading 0 native plugins for Editor in 0.00 ms.
Initialize engine version: 2020.3.7f1 (dd97f2c94397)
[Subsystems] Discovering subsystems at path C:/Program Files/Unity/Hub/Editor/2020.3.7f1/Editor/Data/Resources/UnitySubsystems
[Subsystems] Discovering subsystems at path D:/Escritorio/Telecomunicaciones/4/proyectoSCBIO/Trabajo(v4_ConMainMenu)/Assets
GfxDevice: creating device client; threaded=0
Direct3D:
    Version:  Direct3D 11.0 [level 11.1]
    Renderer: NVIDIA GeForce GTX 1050 Ti (ID=0x1c8c)
    Vendor:   
    VRAM:     4021 MB
    Driver:   27.21.14.6589
Initialize mono
Mono path[0] = 'C:/Program Files/Unity/Hub/Editor/2020.3.7f1/Editor/Data/Managed'
Mono path[1] = 'C:/Program Files/Unity/Hub/Editor/2020.3.7f1/Editor/Data/MonoBleedingEdge/lib/mono/unityjit'
Mono config path = 'C:/Program Files/Unity/Hub/Editor/2020.3.7f1/Editor/Data/MonoBleedingEdge/etc'
Using monoOptions --debugger-agent=transport=dt_socket,embedding=1,server=y,suspend=n,address=127.0.0.1:56160
Begin MonoManager ReloadAssembly
Registering precompiled unity dll's ...
Register platform support module: C:/Program Files/Unity/Hub/Editor/2020.3.7f1/Editor/Data/PlaybackEngines/WebGLSupport/UnityEditor.WebGL.Extensions.dll
Register platform support module: C:/Program Files/Unity/Hub/Editor/2020.3.7f1/Editor/Data/PlaybackEngines/WindowsStandaloneSupport/UnityEditor.WindowsStandalone.Extensions.dll
Registered in 0.002598 seconds.
Native extension for WindowsStandalone target not found
Native extension for WebGL target not found
Refreshing native plugins compatible for Editor in 45.38 ms, found 1 plugins.
Preloading 0 native plugins for Editor in 0.00 ms.
Mono: successfully reloaded assembly
- Completed reload, in  1.163 seconds
Platform modules already initialized, skipping
Registering precompiled user dll's ...
Registered in 0.002081 seconds.
Begin MonoManager ReloadAssembly
Symbol file data-0000020B8A837020 doesn't match image D:\Escritorio\Telecomunicaciones\4\proyectoSCBIO\Trabajo(v4_ConMainMenu)\Library\ScriptAssemblies\Unity.2D.Animation.Editor.dll
Symbol file LoadedFromMemory is not a mono symbol file
Symbol file data-0000020B859A6A50 doesn't match image D:\Escritorio\Telecomunicaciones\4\proyectoSCBIO\Trabajo(v4_ConMainMenu)\Library\ScriptAssemblies\Unity.InternalAPIEngineBridge.001.dll
Symbol file LoadedFromMemory is not a mono symbol file
Symbol file data-0000020B8A314060 doesn't match image D:\Escritorio\Telecomunicaciones\4\proyectoSCBIO\Trabajo(v4_ConMainMenu)\Library\ScriptAssemblies\Unity.VSCode.Editor.dll
Symbol file LoadedFromMemory is not a mono symbol file
Symbol file data-0000020B8B62F7C0 doesn't match image D:\Escritorio\Telecomunicaciones\4\proyectoSCBIO\Trabajo(v4_ConMainMenu)\Library\ScriptAssemblies\Unity.2D.PixelPerfect.dll
Symbol file LoadedFromMemory is not a mono symbol file
Symbol file data-0000020B85D92010 doesn't match image D:\Escritorio\Telecomunicaciones\4\proyectoSCBIO\Trabajo(v4_ConMainMenu)\Library\ScriptAssemblies\PsdPlugin.dll
Symbol file LoadedFromMemory is not a mono symbol file
Symbol file data-0000020B85DA2770 doesn't match image D:\Escritorio\Telecomunicaciones\4\proyectoSCBIO\Trabajo(v4_ConMainMenu)\Library\ScriptAssemblies\Unity.TextMeshPro.Editor.dll
Symbol file LoadedFromMemory is not a mono symbol file
Symbol file data-0000020B86021C30 doesn't match image D:\Escritorio\Telecomunicaciones\4\proyectoSCBIO\Trabajo(v4_ConMainMenu)\Library\ScriptAssemblies\Unity.VisualStudio.Editor.dll
Symbol file LoadedFromMemory is not a mono symbol file
Symbol file data-0000020B8A86E030 doesn't match image D:\Escritorio\Telecomunicaciones\4\proyectoSCBIO\Trabajo(v4_ConMainMenu)\Library\ScriptAssemblies\UnityEngine.TestRunner.dll
Symbol file LoadedFromMemory is not a mono symbol file
Symbol file data-0000020B85C22040 doesn't match image D:\Escritorio\Telecomunicaciones\4\proyectoSCBIO\Trabajo(v4_ConMainMenu)\Library\ScriptAssemblies\Unity.Timeline.dll
Symbol file LoadedFromMemory is not a mono symbol file
Symbol file data-0000020B8A540020 doesn't match image D:\Escritorio\Telecomunicaciones\4\proyectoSCBIO\Trabajo(v4_ConMainMenu)\Library\ScriptAssemblies\Unity.TextMeshPro.dll
Symbol file LoadedFromMemory is not a mono symbol file
Symbol file data-0000020B85C22040 doesn't match image D:\Escritorio\Telecomunicaciones\4\proyectoSCBIO\Trabajo(v4_ConMainMenu)\Library\ScriptAssemblies\UnityEditor.TestRunner.dll
Symbol file LoadedFromMemory is not a mono symbol file
Symbol file data-0000020B8606D010 doesn't match image D:\Escritorio\Telecomunicaciones\4\proyectoSCBIO\Trabajo(v4_ConMainMenu)\Library\ScriptAssemblies\Unity.2D.IK.Editor.dll
Symbol file LoadedFromMemory is not a mono symbol file
Symbol file data-0000020B866D2070 doesn't match image D:\Escritorio\Telecomunicaciones\4\proyectoSCBIO\Trabajo(v4_ConMainMenu)\Library\ScriptAssemblies\Unity.2D.Psdimporter.Editor.dll
Symbol file LoadedFromMemory is not a mono symbol file
Symbol file data-0000020B8B9F7050 doesn't match image D:\Escritorio\Telecomunicaciones\4\proyectoSCBIO\Trabajo(v4_ConMainMenu)\Library\ScriptAssemblies\Unity.2D.Path.Editor.dll
Symbol file LoadedFromMemory is not a mono symbol file
Symbol file data-0000020B85E25070 doesn't match image D:\Escritorio\Telecomunicaciones\4\proyectoSCBIO\Trabajo(v4_ConMainMenu)\Library\ScriptAssemblies\Unity.InternalAPIEditorBridge.001.dll
Symbol file LoadedFromMemory is not a mono symbol file
Symbol file data-0000020B86021C30 doesn't match image D:\Escritorio\Telecomunicaciones\4\proyectoSCBIO\Trabajo(v4_ConMainMenu)\Library\ScriptAssemblies\Unity.Rider.Editor.dll
Symbol file LoadedFromMemory is not a mono symbol file
Symbol file data-0000020B8665F010 doesn't match image D:\Escritorio\Telecomunicaciones\4\proyectoSCBIO\Trabajo(v4_ConMainMenu)\Library\ScriptAssemblies\Unity.Mathematics.dll
Symbol file LoadedFromMemory is not a mono symbol file
Symbol file data-0000020B8615ED40 doesn't match image D:\Escritorio\Telecomunicaciones\4\proyectoSCBIO\Trabajo(v4_ConMainMenu)\Library\ScriptAssemblies\Unity.2D.IK.Runtime.dll
Symbol file LoadedFromMemory is not a mono symbol file
Symbol file data-0000020B8AAAE010 doesn't match image D:\Escritorio\Telecomunicaciones\4\proyectoSCBIO\Trabajo(v4_ConMainMenu)\Library\ScriptAssemblies\Unity.2D.Animation.Triangle.Runtime.dll
Symbol file LoadedFromMemory is not a mono symbol file
Symbol file data-0000020B8A91D040 doesn't match image D:\Escritorio\Telecomunicaciones\4\proyectoSCBIO\Trabajo(v4_ConMainMenu)\Library\ScriptAssemblies\Unity.2D.Animation.Runtime.dll
Symbol file LoadedFromMemory is not a mono symbol file
Symbol file data-0000020B865D0030 doesn't match image D:\Escritorio\Telecomunicaciones\4\proyectoSCBIO\Trabajo(v4_ConMainMenu)\Library\ScriptAssemblies\Unity.2D.PixelPerfect.Editor.dll
Symbol file LoadedFromMemory is not a mono symbol file
Symbol file data-0000020B8AAAE010 doesn't match image D:\Escritorio\Telecomunicaciones\4\proyectoSCBIO\Trabajo(v4_ConMainMenu)\Library\ScriptAssemblies\Unity.Timeline.Editor.dll
Symbol file LoadedFromMemory is not a mono symbol file
Symbol file data-0000020B8A86E030 doesn't match image D:\Escritorio\Telecomunicaciones\4\proyectoSCBIO\Trabajo(v4_ConMainMenu)\Library\ScriptAssemblies\Unity.CollabProxy.Editor.dll
Symbol file LoadedFromMemory is not a mono symbol file
Symbol file data-0000020B8BBC4060 doesn't match image D:\Escritorio\Telecomunicaciones\4\proyectoSCBIO\Trabajo(v4_ConMainMenu)\Library\ScriptAssemblies\Unity.Mathematics.Editor.dll
Symbol file LoadedFromMemory is not a mono symbol file
Symbol file data-0000020B862DF800 doesn't match image D:\Escritorio\Telecomunicaciones\4\proyectoSCBIO\Trabajo(v4_ConMainMenu)\Library\ScriptAssemblies\Unity.2D.Common.Runtime.dll
Symbol file LoadedFromMemory is not a mono symbol file
Symbol file data-0000020B86517080 doesn't match image D:\Escritorio\Telecomunicaciones\4\proyectoSCBIO\Trabajo(v4_ConMainMenu)\Library\ScriptAssemblies\Unity.2D.SpriteShape.Editor.dll
Symbol file LoadedFromMemory is not a mono symbol file
Symbol file data-0000020B8A876040 doesn't match image D:\Escritorio\Telecomunicaciones\4\proyectoSCBIO\Trabajo(v4_ConMainMenu)\Library\ScriptAssemblies\Unity.2D.Common.Editor.dll
Symbol file LoadedFromMemory is not a mono symbol file
Symbol file data-0000020B8AC6DE40 doesn't match image D:\Escritorio\Telecomunicaciones\4\proyectoSCBIO\Trabajo(v4_ConMainMenu)\Library\ScriptAssemblies\Unity.2D.SpriteShape.Runtime.dll
Symbol file LoadedFromMemory is not a mono symbol file
Native extension for WindowsStandalone target not found
Native extension for WebGL target not found
Refreshing native plugins compatible for Editor in 41.53 ms, found 1 plugins.
Preloading 0 native plugins for Editor in 0.00 ms.
Mono: successfully reloaded assembly
- Completed reload, in  1.108 seconds
Platform modules already initialized, skipping
========================================================================
Worker process is ready to serve import requests
Launched and connected shader compiler UnityShaderCompiler.exe after 0.10 seconds
Refreshing native plugins compatible for Editor in 0.39 ms, found 1 plugins.
Preloading 0 native plugins for Editor in 0.00 ms.
Unloading 1816 Unused Serialized files (Serialized files now loaded: 0)
System memory in use before: 85.2 MB.
System memory in use after: 85.2 MB.

Unloading 24 unused Assets to reduce memory usage. Loaded Objects now: 2260.
Total: 4.322000 ms (FindLiveObjects: 0.544100 ms CreateObjectMapping: 0.326100 ms MarkObjects: 3.249400 ms  DeleteObjects: 0.200400 ms)

========================================================================
Received Import Request.
  path: Assets/Scenes/Juego.unity
  artifactKey: Guid(2cda990e2423bbf4892e6590ba056729) Importer(815301076,1909f56bfc062723c751e8b465ee728b)
Start importing Assets/Scenes/Juego.unity using Guid(2cda990e2423bbf4892e6590ba056729) Importer(815301076,1909f56bfc062723c751e8b465ee728b)  -> (artifact id: '8680c9985018a7815e07c08a498296b8') in 0.027915 seconds
  Import took 0.075411 seconds .

========================================================================
Received Import Request.
  Time since last request: 11.770759 seconds.
  path: Assets/Scenes/MainMenu.unity
  artifactKey: Guid(6b178cde39bde2f4a8cc040664f27950) Importer(815301076,1909f56bfc062723c751e8b465ee728b)
Start importing Assets/Scenes/MainMenu.unity using Guid(6b178cde39bde2f4a8cc040664f27950) Importer(815301076,1909f56bfc062723c751e8b465ee728b)  -> (artifact id: 'c956c5fbffc1b44bdfb168436c13a085') in 0.003285 seconds
  Import took 0.043658 seconds .

========================================================================
Received Prepare
Registering precompiled user dll's ...
Registered in 0.001673 seconds.
Begin MonoManager ReloadAssembly
Symbol file data-0000020B86173010 doesn't match image D:\Escritorio\Telecomunicaciones\4\proyectoSCBIO\Trabajo(v4_ConMainMenu)\Library\ScriptAssemblies\Unity.2D.Animation.Editor.dll
Symbol file LoadedFromMemory is not a mono symbol file
Symbol file data-0000020B859A8FD0 doesn't match image D:\Escritorio\Telecomunicaciones\4\proyectoSCBIO\Trabajo(v4_ConMainMenu)\Library\ScriptAssemblies\Unity.InternalAPIEngineBridge.001.dll
Symbol file LoadedFromMemory is not a mono symbol file
Symbol file data-0000020B85EE9AF0 doesn't match image D:\Escritorio\Telecomunicaciones\4\proyectoSCBIO\Trabajo(v4_ConMainMenu)\Library\ScriptAssemblies\Unity.VSCode.Editor.dll
Symbol file LoadedFromMemory is not a mono symbol file
Symbol file data-0000020B8D390D70 doesn't match image D:\Escritorio\Telecomunicaciones\4\proyectoSCBIO\Trabajo(v4_ConMainMenu)\Library\ScriptAssemblies\Unity.2D.PixelPerfect.dll
Symbol file LoadedFromMemory is not a mono symbol file
Symbol file data-0000020B8BC90020 doesn't match image D:\Escritorio\Telecomunicaciones\4\proyectoSCBIO\Trabajo(v4_ConMainMenu)\Library\ScriptAssemblies\PsdPlugin.dll
Symbol file LoadedFromMemory is not a mono symbol file
Symbol file data-0000020B8B75BC80 doesn't match image D:\Escritorio\Telecomunicaciones\4\proyectoSCBIO\Trabajo(v4_ConMainMenu)\Library\ScriptAssemblies\Unity.TextMeshPro.Editor.dll
Symbol file LoadedFromMemory is not a mono symbol file
Symbol file data-0000020B865DB2C0 doesn't match image D:\Escritorio\Telecomunicaciones\4\proyectoSCBIO\Trabajo(v4_ConMainMenu)\Library\ScriptAssemblies\Unity.VisualStudio.Editor.dll
Symbol file LoadedFromMemory is not a mono symbol file
Symbol file data-0000020B866A9CC0 doesn't match image D:\Escritorio\Telecomunicaciones\4\proyectoSCBIO\Trabajo(v4_ConMainMenu)\Library\ScriptAssemblies\UnityEngine.TestRunner.dll
Symbol file LoadedFromMemory is not a mono symbol file
Symbol file data-0000020B866A9CC0 doesn't match image D:\Escritorio\Telecomunicaciones\4\proyectoSCBIO\Trabajo(v4_ConMainMenu)\Library\ScriptAssemblies\Unity.Timeline.dll
Symbol file LoadedFromMemory is not a mono symbol file
Symbol file data-0000020B85FFD020 doesn't match image D:\Escritorio\Telecomunicaciones\4\proyectoSCBIO\Trabajo(v4_ConMainMenu)\Library\ScriptAssemblies\Unity.TextMeshPro.dll
Symbol file LoadedFromMemory is not a mono symbol file
Symbol file data-0000020B866A9CC0 doesn't match image D:\Escritorio\Telecomunicaciones\4\proyectoSCBIO\Trabajo(v4_ConMainMenu)\Library\ScriptAssemblies\UnityEditor.TestRunner.dll
Symbol file LoadedFromMemory is not a mono symbol file
Symbol file data-0000020B85EE9AF0 doesn't match image D:\Escritorio\Telecomunicaciones\4\proyectoSCBIO\Trabajo(v4_ConMainMenu)\Library\ScriptAssemblies\Unity.2D.IK.Editor.dll
Symbol file LoadedFromMemory is not a mono symbol file
Symbol file data-0000020B8D3AC100 doesn't match image D:\Escritorio\Telecomunicaciones\4\proyectoSCBIO\Trabajo(v4_ConMainMenu)\Library\ScriptAssemblies\Unity.2D.Psdimporter.Editor.dll
Symbol file LoadedFromMemory is not a mono symbol file
Symbol file data-0000020B8A34F420 doesn't match image D:\Escritorio\Telecomunicaciones\4\proyectoSCBIO\Trabajo(v4_ConMainMenu)\Library\ScriptAssemblies\Unity.2D.Path.Editor.dll
Symbol file LoadedFromMemory is not a mono symbol file
Symbol file data-0000020B8B6FC020 doesn't match image D:\Escritorio\Telecomunicaciones\4\proyectoSCBIO\Trabajo(v4_ConMainMenu)\Library\ScriptAssemblies\Unity.InternalAPIEditorBridge.001.dll
Symbol file LoadedFromMemory is not a mono symbol file
Symbol file data-0000020B865DB2C0 doesn't match image D:\Escritorio\Telecomunicaciones\4\proyectoSCBIO\Trabajo(v4_ConMainMenu)\Library\ScriptAssemblies\Unity.Rider.Editor.dll
Symbol file LoadedFromMemory is not a mono symbol file
Symbol file data-0000020B8A410020 doesn't match image D:\Escritorio\Telecomunicaciones\4\proyectoSCBIO\Trabajo(v4_ConMainMenu)\Library\ScriptAssemblies\Unity.Mathematics.dll
Symbol file LoadedFromMemory is not a mono symbol file
Symbol file data-0000020B85EE9AF0 doesn't match image D:\Escritorio\Telecomunicaciones\4\proyectoSCBIO\Trabajo(v4_ConMainMenu)\Library\ScriptAssemblies\Unity.2D.IK.Runtime.dll
Symbol file LoadedFromMemory is not a mono symbol file
Symbol file data-0000020B85D9A760 doesn't match image D:\Escritorio\Telecomunicaciones\4\proyectoSCBIO\Trabajo(v4_ConMainMenu)\Library\ScriptAssemblies\Unity.2D.Animation.Triangle.Runtime.dll
Symbol file LoadedFromMemory is not a mono symbol file
Symbol file data-0000020B85C2CC40 doesn't match image D:\Escritorio\Telecomunicaciones\4\proyectoSCBIO\Trabajo(v4_ConMainMenu)\Library\ScriptAssemblies\Unity.2D.Animation.Runtime.dll
Symbol file LoadedFromMemory is not a mono symbol file
Symbol file data-0000020B8A5A7B90 doesn't match image D:\Escritorio\Telecomunicaciones\4\proyectoSCBIO\Trabajo(v4_ConMainMenu)\Library\ScriptAssemblies\Unity.2D.PixelPerfect.Editor.dll
Symbol file LoadedFromMemory is not a mono symbol file
Symbol file data-0000020B8AAAE010 doesn't match image D:\Escritorio\Telecomunicaciones\4\proyectoSCBIO\Trabajo(v4_ConMainMenu)\Library\ScriptAssemblies\Unity.Timeline.Editor.dll
Symbol file LoadedFromMemory is not a mono symbol file
Symbol file data-0000020B8A34F420 doesn't match image D:\Escritorio\Telecomunicaciones\4\proyectoSCBIO\Trabajo(v4_ConMainMenu)\Library\ScriptAssemblies\Unity.CollabProxy.Editor.dll
Symbol file LoadedFromMemory is not a mono symbol file
Symbol file data-0000020B866D7430 doesn't match image D:\Escritorio\Telecomunicaciones\4\proyectoSCBIO\Trabajo(v4_ConMainMenu)\Library\ScriptAssemblies\Unity.Mathematics.Editor.dll
Symbol file LoadedFromMemory is not a mono symbol file
Symbol file data-0000020B862DF440 doesn't match image D:\Escritorio\Telecomunicaciones\4\proyectoSCBIO\Trabajo(v4_ConMainMenu)\Library\ScriptAssemblies\Unity.2D.Common.Runtime.dll
Symbol file LoadedFromMemory is not a mono symbol file
Symbol file data-0000020B8AA3F220 doesn't match image D:\Escritorio\Telecomunicaciones\4\proyectoSCBIO\Trabajo(v4_ConMainMenu)\Library\ScriptAssemblies\Unity.2D.SpriteShape.Editor.dll
Symbol file LoadedFromMemory is not a mono symbol file
Symbol file data-0000020B861A0A20 doesn't match image D:\Escritorio\Telecomunicaciones\4\proyectoSCBIO\Trabajo(v4_ConMainMenu)\Library\ScriptAssemblies\Unity.2D.Common.Editor.dll
Symbol file LoadedFromMemory is not a mono symbol file
Symbol file data-0000020B8A34F420 doesn't match image D:\Escritorio\Telecomunicaciones\4\proyectoSCBIO\Trabajo(v4_ConMainMenu)\Library\ScriptAssemblies\Unity.2D.SpriteShape.Runtime.dll
Symbol file LoadedFromMemory is not a mono symbol file
Native extension for WindowsStandalone target not found
Native extension for WebGL target not found
Refreshing native plugins compatible for Editor in 0.33 ms, found 1 plugins.
Preloading 0 native plugins for Editor in 0.00 ms.
Mono: successfully reloaded assembly
- Completed reload, in  0.951 seconds
Platform modules already initialized, skipping
Refreshing native plugins compatible for Editor in 0.34 ms, found 1 plugins.
Preloading 0 native plugins for Editor in 0.00 ms.
Unloading 1811 Unused Serialized files (Serialized files now loaded: 0)
System memory in use before: 85.2 MB.
System memory in use after: 85.2 MB.

Unloading 12 unused Assets to reduce memory usage. Loaded Objects now: 2264.
Total: 2.374400 ms (FindLiveObjects: 0.246800 ms CreateObjectMapping: 0.096100 ms MarkObjects: 1.925000 ms  DeleteObjects: 0.105000 ms)

========================================================================
Received Prepare
Registering precompiled user dll's ...
Registered in 0.002196 seconds.
Begin MonoManager ReloadAssembly
Symbol file data-0000020B8CCD4020 doesn't match image D:\Escritorio\Telecomunicaciones\4\proyectoSCBIO\Trabajo(v4_ConMainMenu)\Library\ScriptAssemblies\Unity.2D.Animation.Editor.dll
Symbol file LoadedFromMemory is not a mono symbol file
Symbol file data-0000020B859A1F00 doesn't match image D:\Escritorio\Telecomunicaciones\4\proyectoSCBIO\Trabajo(v4_ConMainMenu)\Library\ScriptAssemblies\Unity.InternalAPIEngineBridge.001.dll
Symbol file LoadedFromMemory is not a mono symbol file
Symbol file data-0000020B8B90F0C0 doesn't match image D:\Escritorio\Telecomunicaciones\4\proyectoSCBIO\Trabajo(v4_ConMainMenu)\Library\ScriptAssemblies\Unity.VSCode.Editor.dll
Symbol file LoadedFromMemory is not a mono symbol file
Symbol file data-0000020B8D1F8B30 doesn't match image D:\Escritorio\Telecomunicaciones\4\proyectoSCBIO\Trabajo(v4_ConMainMenu)\Library\ScriptAssemblies\Unity.2D.PixelPerfect.dll
Symbol file LoadedFromMemory is not a mono symbol file
Symbol file data-0000020B864B9E10 doesn't match image D:\Escritorio\Telecomunicaciones\4\proyectoSCBIO\Trabajo(v4_ConMainMenu)\Library\ScriptAssemblies\PsdPlugin.dll
Symbol file LoadedFromMemory is not a mono symbol file
Symbol file data-0000020B865D08B0 doesn't match image D:\Escritorio\Telecomunicaciones\4\proyectoSCBIO\Trabajo(v4_ConMainMenu)\Library\ScriptAssemblies\Unity.TextMeshPro.Editor.dll
Symbol file LoadedFromMemory is not a mono symbol file
Symbol file data-0000020B864B4030 doesn't match image D:\Escritorio\Telecomunicaciones\4\proyectoSCBIO\Trabajo(v4_ConMainMenu)\Library\ScriptAssemblies\Unity.VisualStudio.Editor.dll
Symbol file LoadedFromMemory is not a mono symbol file
Symbol file data-0000020B8D1111C0 doesn't match image D:\Escritorio\Telecomunicaciones\4\proyectoSCBIO\Trabajo(v4_ConMainMenu)\Library\ScriptAssemblies\UnityEngine.TestRunner.dll
Symbol file LoadedFromMemory is not a mono symbol file
Symbol file data-0000020B865D08B0 doesn't match image D:\Escritorio\Telecomunicaciones\4\proyectoSCBIO\Trabajo(v4_ConMainMenu)\Library\ScriptAssemblies\Unity.Timeline.dll
Symbol file LoadedFromMemory is not a mono symbol file
Symbol file data-0000020B85C08030 doesn't match image D:\Escritorio\Telecomunicaciones\4\proyectoSCBIO\Trabajo(v4_ConMainMenu)\Library\ScriptAssemblies\Unity.TextMeshPro.dll
Symbol file LoadedFromMemory is not a mono symbol file
Symbol file data-0000020B8CF4D020 doesn't match image D:\Escritorio\Telecomunicaciones\4\proyectoSCBIO\Trabajo(v4_ConMainMenu)\Library\ScriptAssemblies\UnityEditor.TestRunner.dll
Symbol file LoadedFromMemory is not a mono symbol file
Symbol file data-0000020B86021C30 doesn't match image D:\Escritorio\Telecomunicaciones\4\proyectoSCBIO\Trabajo(v4_ConMainMenu)\Library\ScriptAssemblies\Unity.2D.IK.Editor.dll
Symbol file LoadedFromMemory is not a mono symbol file
Symbol file data-0000020B86616030 doesn't match image D:\Escritorio\Telecomunicaciones\4\proyectoSCBIO\Trabajo(v4_ConMainMenu)\Library\ScriptAssemblies\Unity.2D.Psdimporter.Editor.dll
Symbol file LoadedFromMemory is not a mono symbol file
Symbol file data-0000020B861A2E40 doesn't match image D:\Escritorio\Telecomunicaciones\4\proyectoSCBIO\Trabajo(v4_ConMainMenu)\Library\ScriptAssemblies\Unity.2D.Path.Editor.dll
Symbol file LoadedFromMemory is not a mono symbol file
Symbol file data-0000020B8D2A0700 doesn't match image D:\Escritorio\Telecomunicaciones\4\proyectoSCBIO\Trabajo(v4_ConMainMenu)\Library\ScriptAssemblies\Unity.InternalAPIEditorBridge.001.dll
Symbol file LoadedFromMemory is not a mono symbol file
Symbol file data-0000020B86517080 doesn't match image D:\Escritorio\Telecomunicaciones\4\proyectoSCBIO\Trabajo(v4_ConMainMenu)\Library\ScriptAssemblies\Unity.Rider.Editor.dll
Symbol file LoadedFromMemory is not a mono symbol file
Symbol file data-0000020B8A410020 doesn't match image D:\Escritorio\Telecomunicaciones\4\proyectoSCBIO\Trabajo(v4_ConMainMenu)\Library\ScriptAssemblies\Unity.Mathematics.dll
Symbol file LoadedFromMemory is not a mono symbol file
Symbol file data-0000020B86021C30 doesn't match image D:\Escritorio\Telecomunicaciones\4\proyectoSCBIO\Trabajo(v4_ConMainMenu)\Library\ScriptAssemblies\Unity.2D.IK.Runtime.dll
Symbol file LoadedFromMemory is not a mono symbol file
Symbol file data-0000020B8B6E2010 doesn't match image D:\Escritorio\Telecomunicaciones\4\proyectoSCBIO\Trabajo(v4_ConMainMenu)\Library\ScriptAssemblies\Unity.2D.Animation.Triangle.Runtime.dll
Symbol file LoadedFromMemory is not a mono symbol file
Symbol file data-0000020B85E6EB00 doesn't match image D:\Escritorio\Telecomunicaciones\4\proyectoSCBIO\Trabajo(v4_ConMainMenu)\Library\ScriptAssemblies\Unity.2D.Animation.Runtime.dll
Symbol file LoadedFromMemory is not a mono symbol file
Symbol file data-0000020B8D2CF6E0 doesn't match image D:\Escritorio\Telecomunicaciones\4\proyectoSCBIO\Trabajo(v4_ConMainMenu)\Library\ScriptAssemblies\Unity.2D.PixelPerfect.Editor.dll
Symbol file LoadedFromMemory is not a mono symbol file
Symbol file data-0000020B8D620EF0 doesn't match image D:\Escritorio\Telecomunicaciones\4\proyectoSCBIO\Trabajo(v4_ConMainMenu)\Library\ScriptAssemblies\Unity.Timeline.Editor.dll
Symbol file LoadedFromMemory is not a mono symbol file
Symbol file data-0000020B86530010 doesn't match image D:\Escritorio\Telecomunicaciones\4\proyectoSCBIO\Trabajo(v4_ConMainMenu)\Library\ScriptAssemblies\Unity.CollabProxy.Editor.dll
Symbol file LoadedFromMemory is not a mono symbol file
Symbol file data-0000020B8C285030 doesn't match image D:\Escritorio\Telecomunicaciones\4\proyectoSCBIO\Trabajo(v4_ConMainMenu)\Library\ScriptAssemblies\Unity.Mathematics.Editor.dll
Symbol file LoadedFromMemory is not a mono symbol file
Symbol file data-0000020B862DFBC0 doesn't match image D:\Escritorio\Telecomunicaciones\4\proyectoSCBIO\Trabajo(v4_ConMainMenu)\Library\ScriptAssemblies\Unity.2D.Common.Runtime.dll
Symbol file LoadedFromMemory is not a mono symbol file
Symbol file data-0000020B86616030 doesn't match image D:\Escritorio\Telecomunicaciones\4\proyectoSCBIO\Trabajo(v4_ConMainMenu)\Library\ScriptAssemblies\Unity.2D.SpriteShape.Editor.dll
Symbol file LoadedFromMemory is not a mono symbol file
Symbol file data-0000020B8B90F0C0 doesn't match image D:\Escritorio\Telecomunicaciones\4\proyectoSCBIO\Trabajo(v4_ConMainMenu)\Library\ScriptAssemblies\Unity.2D.Common.Editor.dll
Symbol file LoadedFromMemory is not a mono symbol file
Symbol file data-0000020B86530010 doesn't match image D:\Escritorio\Telecomunicaciones\4\proyectoSCBIO\Trabajo(v4_ConMainMenu)\Library\ScriptAssemblies\Unity.2D.SpriteShape.Runtime.dll
Symbol file LoadedFromMemory is not a mono symbol file
Native extension for WindowsStandalone target not found
Native extension for WebGL target not found
Refreshing native plugins compatible for Editor in 0.55 ms, found 1 plugins.
Preloading 0 native plugins for Editor in 0.00 ms.
Mono: successfully reloaded assembly
- Completed reload, in  2.025 seconds
Platform modules already initialized, skipping
Refreshing native plugins compatible for Editor in 0.75 ms, found 1 plugins.
Preloading 0 native plugins for Editor in 0.00 ms.
Unloading 1811 Unused Serialized files (Serialized files now loaded: 0)
System memory in use before: 85.2 MB.
System memory in use after: 85.2 MB.

Unloading 12 unused Assets to reduce memory usage. Loaded Objects now: 2268.
Total: 4.076100 ms (FindLiveObjects: 0.747800 ms CreateObjectMapping: 0.157900 ms MarkObjects: 3.001900 ms  DeleteObjects: 0.166000 ms)

========================================================================
Received Prepare
Refreshing native plugins compatible for Editor in 2.96 ms, found 1 plugins.
Preloading 0 native plugins for Editor in 0.00 ms.
Unloading 10 Unused Serialized files (Serialized files now loaded: 0)
System memory in use before: 49.6 MB.
System memory in use after: 49.6 MB.

Unloading 10 unused Assets to reduce memory usage. Loaded Objects now: 2268.
Total: 3.157100 ms (FindLiveObjects: 0.396000 ms CreateObjectMapping: 0.302700 ms MarkObjects: 2.310800 ms  DeleteObjects: 0.144700 ms)

========================================================================
Received Prepare
Refreshing native plugins compatible for Editor in 2.88 ms, found 1 plugins.
Preloading 0 native plugins for Editor in 0.00 ms.
Unloading 10 Unused Serialized files (Serialized files now loaded: 0)
System memory in use before: 49.6 MB.
System memory in use after: 49.6 MB.

Unloading 10 unused Assets to reduce memory usage. Loaded Objects now: 2268.
Total: 5.503100 ms (FindLiveObjects: 0.193600 ms CreateObjectMapping: 0.082900 ms MarkObjects: 4.921000 ms  DeleteObjects: 0.301900 ms)

AssetImportWorkerClient::OnTransportError - code=2 error=End of file
