Using pre-set license
Built from '2020.3/release' branch; Version is '2020.3.7f1 (dd97f2c94397) revision 14522354'; Using compiler version '192528614'; Build Type 'Release'
OS: 'Windows 10 Pro; OS build 19042.1023; Version 2009; 64bit' Language: 'es' Physical Memory: 8036 MB
BatchMode: 1, IsHumanControllingUs: 0, StartBugReporterOnCrash: 0, Is64bit: 1, IsPro: 0

 COMMAND LINE ARGUMENTS:
C:\Program Files\Unity\Hub\Editor\2020.3.7f1\Editor\Unity.exe
-adb2
-batchMode
-noUpm
-name
AssetImportWorker1
-projectPath
D:/Escritorio/Telecomunicaciones/4/proyectoSCBIO/Trabajo(v4_ConMainMenu)
-logFile
Logs/AssetImportWorker1.log
-srvPort
61367
Successfully changed project path to: D:/Escritorio/Telecomunicaciones/4/proyectoSCBIO/Trabajo(v4_ConMainMenu)
D:/Escritorio/Telecomunicaciones/4/proyectoSCBIO/Trabajo(v4_ConMainMenu)
Using Asset Import Pipeline V2.
Refreshing native plugins compatible for Editor in 37.32 ms, found 1 plugins.
Preloading 0 native plugins for Editor in 0.00 ms.
Initialize engine version: 2020.3.7f1 (dd97f2c94397)
[Subsystems] Discovering subsystems at path C:/Program Files/Unity/Hub/Editor/2020.3.7f1/Editor/Data/Resources/UnitySubsystems
[Subsystems] Discovering subsystems at path D:/Escritorio/Telecomunicaciones/4/proyectoSCBIO/Trabajo(v4_ConMainMenu)/Assets
GfxDevice: creating device client; threaded=0
Direct3D:
    Version:  Direct3D 11.0 [level 11.1]
    Renderer: NVIDIA GeForce GTX 1050 Ti (ID=0x1c8c)
    Vendor:   
    VRAM:     4021 MB
    Driver:   27.21.14.6589
Initialize mono
Mono path[0] = 'C:/Program Files/Unity/Hub/Editor/2020.3.7f1/Editor/Data/Managed'
Mono path[1] = 'C:/Program Files/Unity/Hub/Editor/2020.3.7f1/Editor/Data/MonoBleedingEdge/lib/mono/unityjit'
Mono config path = 'C:/Program Files/Unity/Hub/Editor/2020.3.7f1/Editor/Data/MonoBleedingEdge/etc'
Using monoOptions --debugger-agent=transport=dt_socket,embedding=1,server=y,suspend=n,address=127.0.0.1:56708
Begin MonoManager ReloadAssembly
Registering precompiled unity dll's ...
Register platform support module: C:/Program Files/Unity/Hub/Editor/2020.3.7f1/Editor/Data/PlaybackEngines/WebGLSupport/UnityEditor.WebGL.Extensions.dll
Register platform support module: C:/Program Files/Unity/Hub/Editor/2020.3.7f1/Editor/Data/PlaybackEngines/WindowsStandaloneSupport/UnityEditor.WindowsStandalone.Extensions.dll
Registered in 0.003343 seconds.
Native extension for WindowsStandalone target not found
Native extension for WebGL target not found
Refreshing native plugins compatible for Editor in 34.01 ms, found 1 plugins.
Preloading 0 native plugins for Editor in 0.00 ms.
Mono: successfully reloaded assembly
- Completed reload, in  1.042 seconds
Platform modules already initialized, skipping
Registering precompiled user dll's ...
Registered in 0.001532 seconds.
Begin MonoManager ReloadAssembly
Symbol file data-000001FBF2FEB410 doesn't match image D:\Escritorio\Telecomunicaciones\4\proyectoSCBIO\Trabajo(v4_ConMainMenu)\Library\ScriptAssemblies\Unity.2D.Animation.Editor.dll
Symbol file LoadedFromMemory is not a mono symbol file
Symbol file data-000001FBEE553720 doesn't match image D:\Escritorio\Telecomunicaciones\4\proyectoSCBIO\Trabajo(v4_ConMainMenu)\Library\ScriptAssemblies\Unity.InternalAPIEngineBridge.001.dll
Symbol file LoadedFromMemory is not a mono symbol file
Symbol file data-000001FBF3C57F80 doesn't match image D:\Escritorio\Telecomunicaciones\4\proyectoSCBIO\Trabajo(v4_ConMainMenu)\Library\ScriptAssemblies\Unity.VSCode.Editor.dll
Symbol file LoadedFromMemory is not a mono symbol file
Symbol file data-000001FBEEBEC7F0 doesn't match image D:\Escritorio\Telecomunicaciones\4\proyectoSCBIO\Trabajo(v4_ConMainMenu)\Library\ScriptAssemblies\Unity.2D.PixelPerfect.dll
Symbol file LoadedFromMemory is not a mono symbol file
Symbol file data-000001FBEED32670 doesn't match image D:\Escritorio\Telecomunicaciones\4\proyectoSCBIO\Trabajo(v4_ConMainMenu)\Library\ScriptAssemblies\PsdPlugin.dll
Symbol file LoadedFromMemory is not a mono symbol file
Symbol file data-000001FBF2D88010 doesn't match image D:\Escritorio\Telecomunicaciones\4\proyectoSCBIO\Trabajo(v4_ConMainMenu)\Library\ScriptAssemblies\Unity.TextMeshPro.Editor.dll
Symbol file LoadedFromMemory is not a mono symbol file
Symbol file data-000001FBF3C38040 doesn't match image D:\Escritorio\Telecomunicaciones\4\proyectoSCBIO\Trabajo(v4_ConMainMenu)\Library\ScriptAssemblies\Unity.VisualStudio.Editor.dll
Symbol file LoadedFromMemory is not a mono symbol file
Symbol file data-000001FBF3022420 doesn't match image D:\Escritorio\Telecomunicaciones\4\proyectoSCBIO\Trabajo(v4_ConMainMenu)\Library\ScriptAssemblies\UnityEngine.TestRunner.dll
Symbol file LoadedFromMemory is not a mono symbol file
Symbol file data-000001FBF41B1010 doesn't match image D:\Escritorio\Telecomunicaciones\4\proyectoSCBIO\Trabajo(v4_ConMainMenu)\Library\ScriptAssemblies\Unity.Timeline.dll
Symbol file LoadedFromMemory is not a mono symbol file
Symbol file data-000001FBF3A64030 doesn't match image D:\Escritorio\Telecomunicaciones\4\proyectoSCBIO\Trabajo(v4_ConMainMenu)\Library\ScriptAssemblies\Unity.TextMeshPro.dll
Symbol file LoadedFromMemory is not a mono symbol file
Symbol file data-000001FBF3A91A40 doesn't match image D:\Escritorio\Telecomunicaciones\4\proyectoSCBIO\Trabajo(v4_ConMainMenu)\Library\ScriptAssemblies\UnityEditor.TestRunner.dll
Symbol file LoadedFromMemory is not a mono symbol file
Symbol file data-000001FBF3C57F80 doesn't match image D:\Escritorio\Telecomunicaciones\4\proyectoSCBIO\Trabajo(v4_ConMainMenu)\Library\ScriptAssemblies\Unity.2D.IK.Editor.dll
Symbol file LoadedFromMemory is not a mono symbol file
Symbol file data-000001FBF41C1020 doesn't match image D:\Escritorio\Telecomunicaciones\4\proyectoSCBIO\Trabajo(v4_ConMainMenu)\Library\ScriptAssemblies\Unity.2D.Psdimporter.Editor.dll
Symbol file LoadedFromMemory is not a mono symbol file
Symbol file data-000001FBF41C1020 doesn't match image D:\Escritorio\Telecomunicaciones\4\proyectoSCBIO\Trabajo(v4_ConMainMenu)\Library\ScriptAssemblies\Unity.2D.Path.Editor.dll
Symbol file LoadedFromMemory is not a mono symbol file
Symbol file data-000001FBEE8E3430 doesn't match image D:\Escritorio\Telecomunicaciones\4\proyectoSCBIO\Trabajo(v4_ConMainMenu)\Library\ScriptAssemblies\Unity.InternalAPIEditorBridge.001.dll
Symbol file LoadedFromMemory is not a mono symbol file
Symbol file data-000001FBF2D9B420 doesn't match image D:\Escritorio\Telecomunicaciones\4\proyectoSCBIO\Trabajo(v4_ConMainMenu)\Library\ScriptAssemblies\Unity.Rider.Editor.dll
Symbol file LoadedFromMemory is not a mono symbol file
Symbol file data-000001FBF3847020 doesn't match image D:\Escritorio\Telecomunicaciones\4\proyectoSCBIO\Trabajo(v4_ConMainMenu)\Library\ScriptAssemblies\Unity.Mathematics.dll
Symbol file LoadedFromMemory is not a mono symbol file
Symbol file data-000001FBF3C57F80 doesn't match image D:\Escritorio\Telecomunicaciones\4\proyectoSCBIO\Trabajo(v4_ConMainMenu)\Library\ScriptAssemblies\Unity.2D.IK.Runtime.dll
Symbol file LoadedFromMemory is not a mono symbol file
Symbol file data-000001FBEEE29900 doesn't match image D:\Escritorio\Telecomunicaciones\4\proyectoSCBIO\Trabajo(v4_ConMainMenu)\Library\ScriptAssemblies\Unity.2D.Animation.Triangle.Runtime.dll
Symbol file LoadedFromMemory is not a mono symbol file
Symbol file data-000001FBF3029A30 doesn't match image D:\Escritorio\Telecomunicaciones\4\proyectoSCBIO\Trabajo(v4_ConMainMenu)\Library\ScriptAssemblies\Unity.2D.Animation.Runtime.dll
Symbol file LoadedFromMemory is not a mono symbol file
Symbol file data-000001FBF2E22040 doesn't match image D:\Escritorio\Telecomunicaciones\4\proyectoSCBIO\Trabajo(v4_ConMainMenu)\Library\ScriptAssemblies\Unity.2D.PixelPerfect.Editor.dll
Symbol file LoadedFromMemory is not a mono symbol file
Symbol file data-000001FBF3970010 doesn't match image D:\Escritorio\Telecomunicaciones\4\proyectoSCBIO\Trabajo(v4_ConMainMenu)\Library\ScriptAssemblies\Unity.Timeline.Editor.dll
Symbol file LoadedFromMemory is not a mono symbol file
Symbol file data-000001FBF41C1020 doesn't match image D:\Escritorio\Telecomunicaciones\4\proyectoSCBIO\Trabajo(v4_ConMainMenu)\Library\ScriptAssemblies\Unity.CollabProxy.Editor.dll
Symbol file LoadedFromMemory is not a mono symbol file
Symbol file data-000001FBEE9D5020 doesn't match image D:\Escritorio\Telecomunicaciones\4\proyectoSCBIO\Trabajo(v4_ConMainMenu)\Library\ScriptAssemblies\Unity.Mathematics.Editor.dll
Symbol file LoadedFromMemory is not a mono symbol file
Symbol file data-000001FBEEF927F0 doesn't match image D:\Escritorio\Telecomunicaciones\4\proyectoSCBIO\Trabajo(v4_ConMainMenu)\Library\ScriptAssemblies\Unity.2D.Common.Runtime.dll
Symbol file LoadedFromMemory is not a mono symbol file
Symbol file data-000001FBF2D3F690 doesn't match image D:\Escritorio\Telecomunicaciones\4\proyectoSCBIO\Trabajo(v4_ConMainMenu)\Library\ScriptAssemblies\Unity.2D.SpriteShape.Editor.dll
Symbol file LoadedFromMemory is not a mono symbol file
Symbol file data-000001FBEEE4F710 doesn't match image D:\Escritorio\Telecomunicaciones\4\proyectoSCBIO\Trabajo(v4_ConMainMenu)\Library\ScriptAssemblies\Unity.2D.Common.Editor.dll
Symbol file LoadedFromMemory is not a mono symbol file
Symbol file data-000001FBF3992830 doesn't match image D:\Escritorio\Telecomunicaciones\4\proyectoSCBIO\Trabajo(v4_ConMainMenu)\Library\ScriptAssemblies\Unity.2D.SpriteShape.Runtime.dll
Symbol file LoadedFromMemory is not a mono symbol file
Native extension for WindowsStandalone target not found
Native extension for WebGL target not found
Refreshing native plugins compatible for Editor in 33.36 ms, found 1 plugins.
Preloading 0 native plugins for Editor in 0.00 ms.
Mono: successfully reloaded assembly
- Completed reload, in  0.906 seconds
Platform modules already initialized, skipping
========================================================================
Worker process is ready to serve import requests
Launched and connected shader compiler UnityShaderCompiler.exe after 0.07 seconds
Refreshing native plugins compatible for Editor in 0.44 ms, found 1 plugins.
Preloading 0 native plugins for Editor in 0.00 ms.
Unloading 1816 Unused Serialized files (Serialized files now loaded: 0)
System memory in use before: 85.2 MB.
System memory in use after: 85.2 MB.

Unloading 24 unused Assets to reduce memory usage. Loaded Objects now: 2260.
Total: 2.593100 ms (FindLiveObjects: 0.473600 ms CreateObjectMapping: 0.285600 ms MarkObjects: 1.699700 ms  DeleteObjects: 0.132400 ms)

========================================================================
Received Import Request.
  path: Assets/Scripts/LvlManager.cs
  artifactKey: Guid(f00108d6163bb1d43b60fccf023ea7e1) Importer(815301076,1909f56bfc062723c751e8b465ee728b)
Start importing Assets/Scripts/LvlManager.cs using Guid(f00108d6163bb1d43b60fccf023ea7e1) Importer(815301076,1909f56bfc062723c751e8b465ee728b)  -> (artifact id: 'dc18d8e3bafd3d45cabb6741dd43719c') in 0.045041 seconds
  Import took 0.047817 seconds .

========================================================================
Received Import Request.
  Time since last request: 0.000326 seconds.
  path: Assets/Scripts/GameControl.cs
  artifactKey: Guid(4b8f1c51b0d814b49a82f453227ac018) Importer(815301076,1909f56bfc062723c751e8b465ee728b)
Start importing Assets/Scripts/GameControl.cs using Guid(4b8f1c51b0d814b49a82f453227ac018) Importer(815301076,1909f56bfc062723c751e8b465ee728b)  -> (artifact id: '41e0801a260608321fc602227e2c5c4c') in 0.007702 seconds
  Import took 0.010421 seconds .

AssetImportWorkerClient::OnTransportError - code=2 error=End of file
