Using pre-set license
Built from '2020.3/release' branch; Version is '2020.3.7f1 (dd97f2c94397) revision 14522354'; Using compiler version '192528614'; Build Type 'Release'
OS: 'Windows 10 Home; OS build 19041.928; Version 2004; 64bit' Language: 'es' Physical Memory: 8107 MB
BatchMode: 1, IsHumanControllingUs: 0, StartBugReporterOnCrash: 0, Is64bit: 1, IsPro: 0

 COMMAND LINE ARGUMENTS:
C:\Program Files\Unity\Hub\Editor\2020.3.7f1\Editor\Unity.exe
-adb2
-batchMode
-noUpm
-name
AssetImportWorker0
-projectPath
C:/Users/rober/Documents/UNI/Cuarto/2do Cuatri/SCBio/Trabajo/Trbajo(v1)
-logFile
Logs/AssetImportWorker0.log
-srvPort
57069
Successfully changed project path to: C:/Users/rober/Documents/UNI/Cuarto/2do Cuatri/SCBio/Trabajo/Trbajo(v1)
C:/Users/rober/Documents/UNI/Cuarto/2do Cuatri/SCBio/Trabajo/Trbajo(v1)
Using Asset Import Pipeline V2.
Refreshing native plugins compatible for Editor in 90.38 ms, found 1 plugins.
Preloading 0 native plugins for Editor in 0.00 ms.
Initialize engine version: 2020.3.7f1 (dd97f2c94397)
[Subsystems] Discovering subsystems at path C:/Program Files/Unity/Hub/Editor/2020.3.7f1/Editor/Data/Resources/UnitySubsystems
[Subsystems] Discovering subsystems at path C:/Users/rober/Documents/UNI/Cuarto/2do Cuatri/SCBio/Trabajo/Trbajo(v1)/Assets
GfxDevice: creating device client; threaded=0
Direct3D:
    Version:  Direct3D 11.0 [level 11.1]
    Renderer: AMD Radeon(TM) R5 M430 (ID=0x6660)
    Vendor:   
    VRAM:     2039 MB
    Driver:   22.19.128.5
Initialize mono
Mono path[0] = 'C:/Program Files/Unity/Hub/Editor/2020.3.7f1/Editor/Data/Managed'
Mono path[1] = 'C:/Program Files/Unity/Hub/Editor/2020.3.7f1/Editor/Data/MonoBleedingEdge/lib/mono/unityjit'
Mono config path = 'C:/Program Files/Unity/Hub/Editor/2020.3.7f1/Editor/Data/MonoBleedingEdge/etc'
Using monoOptions --debugger-agent=transport=dt_socket,embedding=1,server=y,suspend=n,address=127.0.0.1:56112
Begin MonoManager ReloadAssembly
Registering precompiled unity dll's ...
Register platform support module: C:/Program Files/Unity/Hub/Editor/2020.3.7f1/Editor/Data/PlaybackEngines/WindowsStandaloneSupport/UnityEditor.WindowsStandalone.Extensions.dll
Registered in 0.009277 seconds.
Native extension for WindowsStandalone target not found
Refreshing native plugins compatible for Editor in 57.00 ms, found 1 plugins.
Preloading 0 native plugins for Editor in 0.00 ms.
Mono: successfully reloaded assembly
- Completed reload, in  2.293 seconds
Platform modules already initialized, skipping
Registering precompiled user dll's ...
Registered in 0.001502 seconds.
Begin MonoManager ReloadAssembly
Native extension for WindowsStandalone target not found
Refreshing native plugins compatible for Editor in 53.91 ms, found 1 plugins.
Preloading 0 native plugins for Editor in 0.00 ms.
Mono: successfully reloaded assembly
- Completed reload, in  1.534 seconds
Platform modules already initialized, skipping
========================================================================
Worker process is ready to serve import requests
Launched and connected shader compiler UnityShaderCompiler.exe after 0.22 seconds
Refreshing native plugins compatible for Editor in 0.59 ms, found 1 plugins.
Preloading 0 native plugins for Editor in 0.00 ms.
Unloading 1808 Unused Serialized files (Serialized files now loaded: 0)
System memory in use before: 84.9 MB.
System memory in use after: 84.9 MB.

Unloading 24 unused Assets to reduce memory usage. Loaded Objects now: 2250.
Total: 2.748900 ms (FindLiveObjects: 0.369500 ms CreateObjectMapping: 0.116000 ms MarkObjects: 2.041800 ms  DeleteObjects: 0.219100 ms)

========================================================================
Received Import Request.
  path: Assets/Sprites
  artifactKey: Guid(d71a936922869b445b7f89d734c46334) Importer(815301076,1909f56bfc062723c751e8b465ee728b)
Start importing Assets/Sprites using Guid(d71a936922869b445b7f89d734c46334) Importer(815301076,1909f56bfc062723c751e8b465ee728b)  -> (artifact id: '8c76b8d22c21bd048a693494d4f64589') in 0.077505 seconds
  Import took 0.121566 seconds .

========================================================================
Received Import Request.
  Time since last request: 0.000398 seconds.
  path: Assets/Scripts
  artifactKey: Guid(60a6e02f633c6364aac9d518588b9bef) Importer(815301076,1909f56bfc062723c751e8b465ee728b)
Start importing Assets/Scripts using Guid(60a6e02f633c6364aac9d518588b9bef) Importer(815301076,1909f56bfc062723c751e8b465ee728b)  -> (artifact id: 'd36c08ae25829126fe7bef401d5ac415') in 0.015324 seconds
  Import took 0.084728 seconds .

========================================================================
Received Prepare
Registering precompiled user dll's ...
Registered in 0.001919 seconds.
Begin MonoManager ReloadAssembly
Native extension for WindowsStandalone target not found
Refreshing native plugins compatible for Editor in 0.47 ms, found 1 plugins.
Preloading 0 native plugins for Editor in 0.00 ms.
Mono: successfully reloaded assembly
- Completed reload, in  1.495 seconds
Platform modules already initialized, skipping
Refreshing native plugins compatible for Editor in 0.72 ms, found 1 plugins.
Preloading 0 native plugins for Editor in 0.00 ms.
Unloading 1809 Unused Serialized files (Serialized files now loaded: 0)
System memory in use before: 85.0 MB.
System memory in use after: 85.0 MB.

Unloading 12 unused Assets to reduce memory usage. Loaded Objects now: 2260.
Total: 3.169400 ms (FindLiveObjects: 0.383900 ms CreateObjectMapping: 0.139500 ms MarkObjects: 2.434000 ms  DeleteObjects: 0.209600 ms)

========================================================================
Received Import Request.
  Time since last request: 56.521724 seconds.
  path: Assets/Sprites/background.png
  artifactKey: Guid(211d426a82bc5c74d9d195d0643c0de1) Importer(815301076,1909f56bfc062723c751e8b465ee728b)
Start importing Assets/Sprites/background.png using Guid(211d426a82bc5c74d9d195d0643c0de1) Importer(815301076,1909f56bfc062723c751e8b465ee728b)  -> (artifact id: '07adf12129f6c98973c179e14db77c52') in 0.474870 seconds
  Import took 0.514283 seconds .

========================================================================
Received Import Request.
  Time since last request: 0.000780 seconds.
  path: Assets/Sprites/BTN_Restart.png
  artifactKey: Guid(b6c77340fe5dc4d4dbbc601a54e0b8b5) Importer(815301076,1909f56bfc062723c751e8b465ee728b)
Start importing Assets/Sprites/BTN_Restart.png using Guid(b6c77340fe5dc4d4dbbc601a54e0b8b5) Importer(815301076,1909f56bfc062723c751e8b465ee728b)  -> (artifact id: '53e90d16453c76399f609cf99e9f66d3') in 0.041032 seconds
  Import took 0.049929 seconds .

========================================================================
Received Import Request.
  Time since last request: 0.000399 seconds.
  path: Assets/Sprites/Box.png
  artifactKey: Guid(23415dcaa0746a4409519e203883fe07) Importer(815301076,1909f56bfc062723c751e8b465ee728b)
Start importing Assets/Sprites/Box.png using Guid(23415dcaa0746a4409519e203883fe07) Importer(815301076,1909f56bfc062723c751e8b465ee728b)  -> (artifact id: '5177089e352f8d90125a1ffa41f938ef') in 0.022892 seconds
  Import took 0.028665 seconds .

========================================================================
Received Import Request.
  Time since last request: 0.000468 seconds.
  path: Assets/Sprites/floor.png
  artifactKey: Guid(f0b84e4a320b9b0449dbc579376c04dd) Importer(815301076,1909f56bfc062723c751e8b465ee728b)
Start importing Assets/Sprites/floor.png using Guid(f0b84e4a320b9b0449dbc579376c04dd) Importer(815301076,1909f56bfc062723c751e8b465ee728b)  -> (artifact id: 'f3ad504f43e1569d0d0b0518d5188798') in 0.016618 seconds
  Import took 0.061971 seconds .

========================================================================
Received Import Request.
  Time since last request: 51.289883 seconds.
  path: Assets/Scripts/Add_Box.cs
  artifactKey: Guid(6c9c9aa8f8c45b94baf437f2274a9c02) Importer(815301076,1909f56bfc062723c751e8b465ee728b)
Start importing Assets/Scripts/Add_Box.cs using Guid(6c9c9aa8f8c45b94baf437f2274a9c02) Importer(815301076,1909f56bfc062723c751e8b465ee728b)  -> (artifact id: '4e313512cc48b4e8a108602c6a007de5') in 0.012483 seconds
  Import took 0.051727 seconds .

========================================================================
Received Import Request.
  Time since last request: 0.002558 seconds.
  path: Assets/Scripts/Add_Box.cs
  artifactKey: Guid(6c9c9aa8f8c45b94baf437f2274a9c02) Importer(815301076,1909f56bfc062723c751e8b465ee728b)
Start importing Assets/Scripts/Add_Box.cs using Guid(6c9c9aa8f8c45b94baf437f2274a9c02) Importer(815301076,1909f56bfc062723c751e8b465ee728b)  -> (artifact id: '4e313512cc48b4e8a108602c6a007de5') in 0.006057 seconds
  Import took 0.084344 seconds .

========================================================================
Received Import Request.
  Time since last request: 5.481336 seconds.
  path: Assets/Scripts/Floor.cs
  artifactKey: Guid(de1c2db018ed2dc43a1a48f3a5ee169f) Importer(815301076,1909f56bfc062723c751e8b465ee728b)
Start importing Assets/Scripts/Floor.cs using Guid(de1c2db018ed2dc43a1a48f3a5ee169f) Importer(815301076,1909f56bfc062723c751e8b465ee728b)  -> (artifact id: '3b271b9713d738847b7719bf8892c1ef') in 0.003256 seconds
  Import took 0.012859 seconds .

========================================================================
Received Import Request.
  Time since last request: 0.002188 seconds.
  path: Assets/Scripts/Floor.cs
  artifactKey: Guid(de1c2db018ed2dc43a1a48f3a5ee169f) Importer(815301076,1909f56bfc062723c751e8b465ee728b)
Start importing Assets/Scripts/Floor.cs using Guid(de1c2db018ed2dc43a1a48f3a5ee169f) Importer(815301076,1909f56bfc062723c751e8b465ee728b)  -> (artifact id: '3b271b9713d738847b7719bf8892c1ef') in 0.003160 seconds
  Import took 0.008671 seconds .

========================================================================
Received Import Request.
  Time since last request: 458.486510 seconds.
  path: Assets/Scripts/GameControl.cs
  artifactKey: Guid(4b8f1c51b0d814b49a82f453227ac018) Importer(815301076,1909f56bfc062723c751e8b465ee728b)
Start importing Assets/Scripts/GameControl.cs using Guid(4b8f1c51b0d814b49a82f453227ac018) Importer(815301076,1909f56bfc062723c751e8b465ee728b)  -> (artifact id: '8d4e6806bd6b016c4011d29c5dc1c3d9') in 0.003374 seconds
  Import took 0.009470 seconds .

========================================================================
Received Import Request.
  Time since last request: 0.002106 seconds.
  path: Assets/Scripts/GameControl.cs
  artifactKey: Guid(4b8f1c51b0d814b49a82f453227ac018) Importer(815301076,1909f56bfc062723c751e8b465ee728b)
Start importing Assets/Scripts/GameControl.cs using Guid(4b8f1c51b0d814b49a82f453227ac018) Importer(815301076,1909f56bfc062723c751e8b465ee728b)  -> (artifact id: '8d4e6806bd6b016c4011d29c5dc1c3d9') in 0.003392 seconds
  Import took 0.007966 seconds .

========================================================================
Received Import Request.
  Time since last request: 1473.125638 seconds.
  path: ProjectSettings/TagManager.asset
  artifactKey: Guid(00000000000000003000000000000000) Importer(815301076,1909f56bfc062723c751e8b465ee728b)
Start importing ProjectSettings/TagManager.asset using Guid(00000000000000003000000000000000) Importer(815301076,1909f56bfc062723c751e8b465ee728b)  -> (artifact id: '3be35322f6257a9f44561c54a47ec410') in 0.272622 seconds
  Import took 0.395673 seconds .

========================================================================
Received Import Request.
  Time since last request: 0.086547 seconds.
  path: ProjectSettings/TagManager.asset
  artifactKey: Guid(00000000000000003000000000000000) Importer(815301076,1909f56bfc062723c751e8b465ee728b)
Start importing ProjectSettings/TagManager.asset using Guid(00000000000000003000000000000000) Importer(815301076,1909f56bfc062723c751e8b465ee728b)  -> (artifact id: '3be35322f6257a9f44561c54a47ec410') in 0.015735 seconds
  Import took 0.027612 seconds .

========================================================================
Received Prepare
Registering precompiled user dll's ...
Registered in 0.001460 seconds.
Begin MonoManager ReloadAssembly
Native extension for WindowsStandalone target not found
Refreshing native plugins compatible for Editor in 0.47 ms, found 1 plugins.
Preloading 0 native plugins for Editor in 0.00 ms.
Mono: successfully reloaded assembly
- Completed reload, in  1.267 seconds
Platform modules already initialized, skipping
Refreshing native plugins compatible for Editor in 0.35 ms, found 1 plugins.
Preloading 0 native plugins for Editor in 0.00 ms.
Unloading 1809 Unused Serialized files (Serialized files now loaded: 0)
System memory in use before: 88.2 MB.
System memory in use after: 88.1 MB.

Unloading 14 unused Assets to reduce memory usage. Loaded Objects now: 2274.
Total: 2.503200 ms (FindLiveObjects: 0.213600 ms CreateObjectMapping: 0.088400 ms MarkObjects: 2.066500 ms  DeleteObjects: 0.133200 ms)

========================================================================
Received Prepare
Registering precompiled user dll's ...
Registered in 0.001348 seconds.
Begin MonoManager ReloadAssembly
Native extension for WindowsStandalone target not found
Refreshing native plugins compatible for Editor in 0.69 ms, found 1 plugins.
Preloading 0 native plugins for Editor in 0.00 ms.
Mono: successfully reloaded assembly
- Completed reload, in  1.263 seconds
Platform modules already initialized, skipping
Refreshing native plugins compatible for Editor in 0.38 ms, found 1 plugins.
Preloading 0 native plugins for Editor in 0.00 ms.
Unloading 1809 Unused Serialized files (Serialized files now loaded: 0)
System memory in use before: 88.2 MB.
System memory in use after: 88.2 MB.

Unloading 12 unused Assets to reduce memory usage. Loaded Objects now: 2278.
Total: 3.484900 ms (FindLiveObjects: 0.390700 ms CreateObjectMapping: 0.157100 ms MarkObjects: 2.765800 ms  DeleteObjects: 0.168200 ms)

========================================================================
Received Prepare
Registering precompiled user dll's ...
Registered in 0.002119 seconds.
Begin MonoManager ReloadAssembly
Native extension for WindowsStandalone target not found
Refreshing native plugins compatible for Editor in 0.93 ms, found 1 plugins.
Preloading 0 native plugins for Editor in 0.00 ms.
Mono: successfully reloaded assembly
- Completed reload, in  1.915 seconds
Platform modules already initialized, skipping
Refreshing native plugins compatible for Editor in 0.47 ms, found 1 plugins.
Preloading 0 native plugins for Editor in 0.00 ms.
Unloading 1809 Unused Serialized files (Serialized files now loaded: 0)
System memory in use before: 88.2 MB.
System memory in use after: 88.2 MB.

Unloading 12 unused Assets to reduce memory usage. Loaded Objects now: 2282.
Total: 5.126000 ms (FindLiveObjects: 0.450800 ms CreateObjectMapping: 0.161300 ms MarkObjects: 4.347600 ms  DeleteObjects: 0.164300 ms)

========================================================================
Received Import Request.
  Time since last request: 1236.906316 seconds.
  path: Assets
  artifactKey: Guid(00000000000000001000000000000000) Importer(815301076,1909f56bfc062723c751e8b465ee728b)
Start importing Assets using Guid(00000000000000001000000000000000) Importer(815301076,1909f56bfc062723c751e8b465ee728b)  -> (artifact id: '5f6a1853b736837ecfb0820a881449cb') in 0.008354 seconds
  Import took 0.067286 seconds .

========================================================================
Received Import Request.
  Time since last request: 13.037287 seconds.
  path: Assets/Prefub
  artifactKey: Guid(5f13f708461421b49aa8bf3b3b3c7222) Importer(815301076,1909f56bfc062723c751e8b465ee728b)
Start importing Assets/Prefub using Guid(5f13f708461421b49aa8bf3b3b3c7222) Importer(815301076,1909f56bfc062723c751e8b465ee728b)  -> (artifact id: 'ed1d81a5d6a48a2bfcf984fc3d7d415c') in 0.005603 seconds
  Import took 0.033587 seconds .

========================================================================
Received Import Request.
  Time since last request: 8.471244 seconds.
  path: Assets/Prefab
  artifactKey: Guid(5f13f708461421b49aa8bf3b3b3c7222) Importer(815301076,1909f56bfc062723c751e8b465ee728b)
Start importing Assets/Prefab using Guid(5f13f708461421b49aa8bf3b3b3c7222) Importer(815301076,1909f56bfc062723c751e8b465ee728b)  -> (artifact id: 'dfa3c30679b5801439103fdb8a934fa9') in 0.005165 seconds
  Import took 0.052045 seconds .

========================================================================
Received Import Request.
  Time since last request: 2.744517 seconds.
  path: Assets/Prefabs
  artifactKey: Guid(5f13f708461421b49aa8bf3b3b3c7222) Importer(815301076,1909f56bfc062723c751e8b465ee728b)
Start importing Assets/Prefabs using Guid(5f13f708461421b49aa8bf3b3b3c7222) Importer(815301076,1909f56bfc062723c751e8b465ee728b)  -> (artifact id: '8a8c45b5943758218af7fedcbafe21e3') in 0.002918 seconds
  Import took 0.071966 seconds .

========================================================================
Received Import Request.
  Time since last request: 32.651680 seconds.
  path: Assets/Prefabs/Box.prefab
  artifactKey: Guid(49d54f3bae9d29e4db215d5997c100d7) Importer(815301076,1909f56bfc062723c751e8b465ee728b)
Start importing Assets/Prefabs/Box.prefab using Guid(49d54f3bae9d29e4db215d5997c100d7) Importer(815301076,1909f56bfc062723c751e8b465ee728b)  -> (artifact id: 'fd0b5a6d066692ea212d8ed3f381f3ee') in 0.204798 seconds
  Import took 0.213087 seconds .

========================================================================
Received Import Request.
  Time since last request: 775.412252 seconds.
  path: Assets/New Animator Controller.controller
  artifactKey: Guid(562f9691867a1d945a6e3aaa0346e096) Importer(815301076,1909f56bfc062723c751e8b465ee728b)
Start importing Assets/New Animator Controller.controller using Guid(562f9691867a1d945a6e3aaa0346e096) Importer(815301076,1909f56bfc062723c751e8b465ee728b)  -> (artifact id: 'c0684713ced1d8bf4294485639bcb7e6') in 0.016128 seconds
  Import took 0.043476 seconds .

========================================================================
Received Import Request.
  Time since last request: 184.552993 seconds.
  path: Assets/Animations
  artifactKey: Guid(fce20b9fb84e3a34581a78d118731dc9) Importer(815301076,1909f56bfc062723c751e8b465ee728b)
Start importing Assets/Animations using Guid(fce20b9fb84e3a34581a78d118731dc9) Importer(815301076,1909f56bfc062723c751e8b465ee728b)  -> (artifact id: '62bcc7c93ab8c85ef2afa4f627c79d21') in 0.008884 seconds
  Import took 0.023875 seconds .

========================================================================
Received Import Request.
  Time since last request: 30.727732 seconds.
  path: Assets/Add_Box.anim
  artifactKey: Guid(d3ffc84ab014be741977698e76e33b09) Importer(815301076,1909f56bfc062723c751e8b465ee728b)
Start importing Assets/Add_Box.anim using Guid(d3ffc84ab014be741977698e76e33b09) Importer(815301076,1909f56bfc062723c751e8b465ee728b)  -> (artifact id: 'da0627215a2b9bc6b655c21d400d516a') in 0.024420 seconds
  Import took 0.033171 seconds .

========================================================================
Received Prepare
Registering precompiled user dll's ...
Registered in 0.001979 seconds.
Begin MonoManager ReloadAssembly
Native extension for WindowsStandalone target not found
Refreshing native plugins compatible for Editor in 0.40 ms, found 1 plugins.
Preloading 0 native plugins for Editor in 0.00 ms.
Mono: successfully reloaded assembly
- Completed reload, in  1.310 seconds
Platform modules already initialized, skipping
Refreshing native plugins compatible for Editor in 0.38 ms, found 1 plugins.
Preloading 0 native plugins for Editor in 0.00 ms.
Unloading 1809 Unused Serialized files (Serialized files now loaded: 0)
System memory in use before: 88.2 MB.
System memory in use after: 88.2 MB.

Unloading 12 unused Assets to reduce memory usage. Loaded Objects now: 2290.
Total: 4.304200 ms (FindLiveObjects: 0.390500 ms CreateObjectMapping: 0.162300 ms MarkObjects: 3.563800 ms  DeleteObjects: 0.175200 ms)

========================================================================
Received Prepare
Registering precompiled user dll's ...
Registered in 0.007930 seconds.
Begin MonoManager ReloadAssembly
Native extension for WindowsStandalone target not found
Refreshing native plugins compatible for Editor in 0.66 ms, found 1 plugins.
Preloading 0 native plugins for Editor in 0.00 ms.
Mono: successfully reloaded assembly
- Completed reload, in  1.394 seconds
Platform modules already initialized, skipping
Refreshing native plugins compatible for Editor in 0.70 ms, found 1 plugins.
Preloading 0 native plugins for Editor in 0.00 ms.
Unloading 1809 Unused Serialized files (Serialized files now loaded: 0)
System memory in use before: 88.3 MB.
System memory in use after: 88.2 MB.

Unloading 12 unused Assets to reduce memory usage. Loaded Objects now: 2294.
Total: 3.163800 ms (FindLiveObjects: 0.214000 ms CreateObjectMapping: 0.086200 ms MarkObjects: 2.727800 ms  DeleteObjects: 0.133900 ms)

========================================================================
Received Import Request.
  Time since last request: 1320.026461 seconds.
  path: Assets/Animations/Add_Box.anim
  artifactKey: Guid(ba8440fe6bab5d747bd0967c5949f98c) Importer(815301076,1909f56bfc062723c751e8b465ee728b)
Start importing Assets/Animations/Add_Box.anim using Guid(ba8440fe6bab5d747bd0967c5949f98c) Importer(815301076,1909f56bfc062723c751e8b465ee728b)  -> (artifact id: '28483693f7ada2b83a43fd27c060ec89') in 0.017033 seconds
  Import took 0.114288 seconds .

========================================================================
Received Prepare
Registering precompiled user dll's ...
Registered in 0.007440 seconds.
Begin MonoManager ReloadAssembly
Native extension for WindowsStandalone target not found
Refreshing native plugins compatible for Editor in 0.80 ms, found 1 plugins.
Preloading 0 native plugins for Editor in 0.00 ms.
Mono: successfully reloaded assembly
- Completed reload, in  1.911 seconds
Platform modules already initialized, skipping
Refreshing native plugins compatible for Editor in 0.43 ms, found 1 plugins.
Preloading 0 native plugins for Editor in 0.00 ms.
Unloading 1809 Unused Serialized files (Serialized files now loaded: 0)
System memory in use before: 88.3 MB.
System memory in use after: 88.2 MB.

Unloading 12 unused Assets to reduce memory usage. Loaded Objects now: 2298.
Total: 4.410900 ms (FindLiveObjects: 0.310600 ms CreateObjectMapping: 0.123600 ms MarkObjects: 3.760200 ms  DeleteObjects: 0.214100 ms)

========================================================================
Received Import Request.
  Time since last request: 172.435913 seconds.
  path: Packages/com.unity.2d.spriteshape/Editor/ObjectMenuCreation/DefaultAssets/Sprite Shapes/Closed Sprite Shape.prefab
  artifactKey: Guid(c0583b4e855c74b8c82e7b9b5efb5ce9) Importer(815301076,1909f56bfc062723c751e8b465ee728b)
Start importing Packages/com.unity.2d.spriteshape/Editor/ObjectMenuCreation/DefaultAssets/Sprite Shapes/Closed Sprite Shape.prefab using Guid(c0583b4e855c74b8c82e7b9b5efb5ce9) Importer(815301076,1909f56bfc062723c751e8b465ee728b)  -> (artifact id: '03d453d2513675c3d69504ecf4ddfa3f') in 0.484903 seconds
  Import took 0.567732 seconds .

========================================================================
Received Import Request.
  Time since last request: 0.000963 seconds.
  path: Packages/com.unity.2d.spriteshape/Editor/ObjectMenuCreation/DefaultAssets/Sprite Shapes/Open Sprite Shape.prefab
  artifactKey: Guid(86ae7de409eb54f619fb1328e4d42480) Importer(815301076,1909f56bfc062723c751e8b465ee728b)
Start importing Packages/com.unity.2d.spriteshape/Editor/ObjectMenuCreation/DefaultAssets/Sprite Shapes/Open Sprite Shape.prefab using Guid(86ae7de409eb54f619fb1328e4d42480) Importer(815301076,1909f56bfc062723c751e8b465ee728b)  -> (artifact id: '40425c9e0bc20ed786834cd7cd57f233') in 0.019877 seconds
  Import took 0.045186 seconds .

========================================================================
Received Import Request.
  Time since last request: 101.828679 seconds.
  path: Assets/Animations/Add_Box.controller
  artifactKey: Guid(60586228fda566a4eb5fed9a9f72478b) Importer(815301076,1909f56bfc062723c751e8b465ee728b)
Start importing Assets/Animations/Add_Box.controller using Guid(60586228fda566a4eb5fed9a9f72478b) Importer(815301076,1909f56bfc062723c751e8b465ee728b)  -> (artifact id: '5a66a4e6e7fb5d7312640ebab5cc119c') in 0.006165 seconds
  Import took 0.040849 seconds .

========================================================================
Received Import Request.
  Time since last request: 0.001873 seconds.
  path: Assets/Animations/Add_Box.controller
  artifactKey: Guid(60586228fda566a4eb5fed9a9f72478b) Importer(815301076,1909f56bfc062723c751e8b465ee728b)
Start importing Assets/Animations/Add_Box.controller using Guid(60586228fda566a4eb5fed9a9f72478b) Importer(815301076,1909f56bfc062723c751e8b465ee728b)  -> (artifact id: '5a66a4e6e7fb5d7312640ebab5cc119c') in 0.003899 seconds
  Import took 0.008114 seconds .

========================================================================
Received Prepare
Registering precompiled user dll's ...
Registered in 0.001696 seconds.
Begin MonoManager ReloadAssembly
Native extension for WindowsStandalone target not found
Refreshing native plugins compatible for Editor in 0.60 ms, found 1 plugins.
Preloading 0 native plugins for Editor in 0.00 ms.
Mono: successfully reloaded assembly
- Completed reload, in  1.314 seconds
Platform modules already initialized, skipping
Refreshing native plugins compatible for Editor in 0.63 ms, found 1 plugins.
Preloading 0 native plugins for Editor in 0.00 ms.
Unloading 1809 Unused Serialized files (Serialized files now loaded: 0)
System memory in use before: 88.3 MB.
System memory in use after: 88.3 MB.

Unloading 12 unused Assets to reduce memory usage. Loaded Objects now: 2302.
Total: 3.799600 ms (FindLiveObjects: 0.264800 ms CreateObjectMapping: 0.092600 ms MarkObjects: 3.256400 ms  DeleteObjects: 0.183300 ms)

========================================================================
Received Prepare
Registering precompiled user dll's ...
Registered in 0.001308 seconds.
Begin MonoManager ReloadAssembly
Native extension for WindowsStandalone target not found
Refreshing native plugins compatible for Editor in 0.49 ms, found 1 plugins.
Preloading 0 native plugins for Editor in 0.00 ms.
Mono: successfully reloaded assembly
- Completed reload, in  1.327 seconds
Platform modules already initialized, skipping
Refreshing native plugins compatible for Editor in 0.88 ms, found 1 plugins.
Preloading 0 native plugins for Editor in 0.00 ms.
Unloading 1809 Unused Serialized files (Serialized files now loaded: 0)
System memory in use before: 88.3 MB.
System memory in use after: 88.3 MB.

Unloading 12 unused Assets to reduce memory usage. Loaded Objects now: 2306.
Total: 3.609000 ms (FindLiveObjects: 0.310200 ms CreateObjectMapping: 0.105300 ms MarkObjects: 3.016600 ms  DeleteObjects: 0.174500 ms)

========================================================================
Received Prepare
Registering precompiled user dll's ...
Registered in 0.002026 seconds.
Begin MonoManager ReloadAssembly
Native extension for WindowsStandalone target not found
Refreshing native plugins compatible for Editor in 0.65 ms, found 1 plugins.
Preloading 0 native plugins for Editor in 0.00 ms.
Mono: successfully reloaded assembly
- Completed reload, in  1.302 seconds
Platform modules already initialized, skipping
Refreshing native plugins compatible for Editor in 0.61 ms, found 1 plugins.
Preloading 0 native plugins for Editor in 0.00 ms.
Unloading 1809 Unused Serialized files (Serialized files now loaded: 0)
System memory in use before: 88.3 MB.
System memory in use after: 88.3 MB.

Unloading 12 unused Assets to reduce memory usage. Loaded Objects now: 2310.
Total: 2.577200 ms (FindLiveObjects: 0.223700 ms CreateObjectMapping: 0.085000 ms MarkObjects: 2.137700 ms  DeleteObjects: 0.128700 ms)

========================================================================
Received Prepare
Registering precompiled user dll's ...
Registered in 0.001552 seconds.
Begin MonoManager ReloadAssembly
Native extension for WindowsStandalone target not found
Refreshing native plugins compatible for Editor in 0.59 ms, found 1 plugins.
Preloading 0 native plugins for Editor in 0.00 ms.
Mono: successfully reloaded assembly
- Completed reload, in  1.228 seconds
Platform modules already initialized, skipping
Refreshing native plugins compatible for Editor in 0.39 ms, found 1 plugins.
Preloading 0 native plugins for Editor in 0.00 ms.
Unloading 1809 Unused Serialized files (Serialized files now loaded: 0)
System memory in use before: 88.3 MB.
System memory in use after: 88.3 MB.

Unloading 12 unused Assets to reduce memory usage. Loaded Objects now: 2314.
Total: 2.611200 ms (FindLiveObjects: 0.280200 ms CreateObjectMapping: 0.092300 ms MarkObjects: 2.095900 ms  DeleteObjects: 0.140500 ms)

AssetImportWorkerClient::OnTransportError - code=2 error=End of file
