Using pre-set license
Built from '2020.3/release' branch; Version is '2020.3.7f1 (dd97f2c94397) revision 14522354'; Using compiler version '192528614'; Build Type 'Release'
OS: 'Windows 10 Pro; OS build 19042.1023; Version 2009; 64bit' Language: 'es' Physical Memory: 8036 MB
BatchMode: 1, IsHumanControllingUs: 0, StartBugReporterOnCrash: 0, Is64bit: 1, IsPro: 0

 COMMAND LINE ARGUMENTS:
C:\Program Files\Unity\Hub\Editor\2020.3.7f1\Editor\Unity.exe
-adb2
-batchMode
-noUpm
-name
AssetImportWorker0
-projectPath
D:/Escritorio/Telecomunicaciones/4/proyectoSCBIO/Trabajo(v4_ConMainMenu)
-logFile
Logs/AssetImportWorker0.log
-srvPort
64975
Successfully changed project path to: D:/Escritorio/Telecomunicaciones/4/proyectoSCBIO/Trabajo(v4_ConMainMenu)
D:/Escritorio/Telecomunicaciones/4/proyectoSCBIO/Trabajo(v4_ConMainMenu)
Using Asset Import Pipeline V2.
Refreshing native plugins compatible for Editor in 42.64 ms, found 1 plugins.
Preloading 0 native plugins for Editor in 0.00 ms.
Initialize engine version: 2020.3.7f1 (dd97f2c94397)
[Subsystems] Discovering subsystems at path C:/Program Files/Unity/Hub/Editor/2020.3.7f1/Editor/Data/Resources/UnitySubsystems
[Subsystems] Discovering subsystems at path D:/Escritorio/Telecomunicaciones/4/proyectoSCBIO/Trabajo(v4_ConMainMenu)/Assets
GfxDevice: creating device client; threaded=0
Direct3D:
    Version:  Direct3D 11.0 [level 11.1]
    Renderer: NVIDIA GeForce GTX 1050 Ti (ID=0x1c8c)
    Vendor:   
    VRAM:     4021 MB
    Driver:   27.21.14.6589
Initialize mono
Mono path[0] = 'C:/Program Files/Unity/Hub/Editor/2020.3.7f1/Editor/Data/Managed'
Mono path[1] = 'C:/Program Files/Unity/Hub/Editor/2020.3.7f1/Editor/Data/MonoBleedingEdge/lib/mono/unityjit'
Mono config path = 'C:/Program Files/Unity/Hub/Editor/2020.3.7f1/Editor/Data/MonoBleedingEdge/etc'
Using monoOptions --debugger-agent=transport=dt_socket,embedding=1,server=y,suspend=n,address=127.0.0.1:56880
Begin MonoManager ReloadAssembly
Registering precompiled unity dll's ...
Register platform support module: C:/Program Files/Unity/Hub/Editor/2020.3.7f1/Editor/Data/PlaybackEngines/WebGLSupport/UnityEditor.WebGL.Extensions.dll
Register platform support module: C:/Program Files/Unity/Hub/Editor/2020.3.7f1/Editor/Data/PlaybackEngines/WindowsStandaloneSupport/UnityEditor.WindowsStandalone.Extensions.dll
Registered in 0.002354 seconds.
Native extension for WindowsStandalone target not found
Native extension for WebGL target not found
Refreshing native plugins compatible for Editor in 37.95 ms, found 1 plugins.
Preloading 0 native plugins for Editor in 0.00 ms.
Mono: successfully reloaded assembly
- Completed reload, in  1.100 seconds
Platform modules already initialized, skipping
Registering precompiled user dll's ...
Registered in 0.001590 seconds.
Begin MonoManager ReloadAssembly
Native extension for WindowsStandalone target not found
Native extension for WebGL target not found
Refreshing native plugins compatible for Editor in 41.29 ms, found 1 plugins.
Preloading 0 native plugins for Editor in 0.00 ms.
Mono: successfully reloaded assembly
- Completed reload, in  1.011 seconds
Platform modules already initialized, skipping
========================================================================
Worker process is ready to serve import requests
Launched and connected shader compiler UnityShaderCompiler.exe after 0.07 seconds
Refreshing native plugins compatible for Editor in 0.32 ms, found 1 plugins.
Preloading 0 native plugins for Editor in 0.00 ms.
Unloading 1816 Unused Serialized files (Serialized files now loaded: 0)
System memory in use before: 85.2 MB.
System memory in use after: 85.2 MB.

Unloading 24 unused Assets to reduce memory usage. Loaded Objects now: 2260.
Total: 2.184300 ms (FindLiveObjects: 0.268100 ms CreateObjectMapping: 0.082600 ms MarkObjects: 1.712500 ms  DeleteObjects: 0.119800 ms)

========================================================================
Received Import Request.
  path: Assets/Sprites/Fondo_Entero_Con Torre_borroso.png
  artifactKey: Guid(9e400ceb82ec2da4d80dcfb3bff30db3) Importer(815301076,1909f56bfc062723c751e8b465ee728b)
Start importing Assets/Sprites/Fondo_Entero_Con Torre_borroso.png using Guid(9e400ceb82ec2da4d80dcfb3bff30db3) Importer(815301076,1909f56bfc062723c751e8b465ee728b)  -> (artifact id: '6d651cdbe0b7a38bc90285a1e106eff6') in 0.176217 seconds
  Import took 0.180197 seconds .

========================================================================
Received Import Request.
  Time since last request: 0.000276 seconds.
  path: Assets/Sprites/rect4038.png
  artifactKey: Guid(f54ab51c962a8eb488f6ca1e261b04de) Importer(815301076,1909f56bfc062723c751e8b465ee728b)
Start importing Assets/Sprites/rect4038.png using Guid(f54ab51c962a8eb488f6ca1e261b04de) Importer(815301076,1909f56bfc062723c751e8b465ee728b)  -> (artifact id: '1329d44a620d131db4af93bfac390556') in 0.023517 seconds
  Import took 0.026899 seconds .

========================================================================
Received Import Request.
  Time since last request: 0.000379 seconds.
  path: Assets/Sprites/jugar.png
  artifactKey: Guid(a220f44ae1b0f7c4d96c0b3f15d68e88) Importer(815301076,1909f56bfc062723c751e8b465ee728b)
Start importing Assets/Sprites/jugar.png using Guid(a220f44ae1b0f7c4d96c0b3f15d68e88) Importer(815301076,1909f56bfc062723c751e8b465ee728b)  -> (artifact id: '20cab1dd6eb0bda58405206c1a949a68') in 0.023325 seconds
  Import took 0.028936 seconds .

========================================================================
Received Import Request.
  Time since last request: 0.000268 seconds.
  path: Assets/Sprites/Pwrd_By_Unity_Pri_In.png
  artifactKey: Guid(9b5c6ff8669844842903f8654e017212) Importer(815301076,1909f56bfc062723c751e8b465ee728b)
Start importing Assets/Sprites/Pwrd_By_Unity_Pri_In.png using Guid(9b5c6ff8669844842903f8654e017212) Importer(815301076,1909f56bfc062723c751e8b465ee728b)  -> (artifact id: '176297c9d8400947290b3662784cf885') in 0.019615 seconds
  Import took 0.026280 seconds .

========================================================================
Received Import Request.
  Time since last request: 0.000282 seconds.
  path: Assets/Sprites/logo con borde.png
  artifactKey: Guid(1adb68e08defa6c4f8d3d6b23568373b) Importer(815301076,1909f56bfc062723c751e8b465ee728b)
Start importing Assets/Sprites/logo con borde.png using Guid(1adb68e08defa6c4f8d3d6b23568373b) Importer(815301076,1909f56bfc062723c751e8b465ee728b)  -> (artifact id: '1c92d30cdb8551dadd2925015129df77') in 0.030347 seconds
  Import took 0.035552 seconds .

========================================================================
Received Prepare
Refreshing native plugins compatible for Editor in 3.48 ms, found 1 plugins.
Preloading 0 native plugins for Editor in 0.00 ms.
Unloading 10 Unused Serialized files (Serialized files now loaded: 0)
System memory in use before: 52.7 MB.
System memory in use after: 52.7 MB.

Unloading 10 unused Assets to reduce memory usage. Loaded Objects now: 2274.
Total: 3.839300 ms (FindLiveObjects: 0.309000 ms CreateObjectMapping: 0.102900 ms MarkObjects: 3.280800 ms  DeleteObjects: 0.144300 ms)

========================================================================
Received Prepare
Registering precompiled user dll's ...
Registered in 0.003428 seconds.
Begin MonoManager ReloadAssembly
Native extension for WindowsStandalone target not found
Native extension for WebGL target not found
Refreshing native plugins compatible for Editor in 0.36 ms, found 1 plugins.
Preloading 0 native plugins for Editor in 0.00 ms.
Mono: successfully reloaded assembly
- Completed reload, in  0.891 seconds
Platform modules already initialized, skipping
Refreshing native plugins compatible for Editor in 1.67 ms, found 1 plugins.
Preloading 0 native plugins for Editor in 0.00 ms.
Unloading 1811 Unused Serialized files (Serialized files now loaded: 0)
System memory in use before: 88.3 MB.
System memory in use after: 88.2 MB.

Unloading 12 unused Assets to reduce memory usage. Loaded Objects now: 2278.
Total: 4.207100 ms (FindLiveObjects: 0.260200 ms CreateObjectMapping: 0.095900 ms MarkObjects: 3.521100 ms  DeleteObjects: 0.328100 ms)

AssetImportWorkerClient::OnTransportError - code=2 error=End of file
